<?xml version="1.0" encoding="UTF-8"?>
<!-- Generated by org.testng.reporters.JUnitXMLReporter -->
<testsuite ignored="18" hostname="Kar" failures="1" tests="1" name="Default test" time="203.6" errors="0" timestamp="2023-04-30T16:09:08 IST">
  <testcase classname="Explore.ExploreTest" name="SMPK_TC_15230" time="148.97">
    <failure type="org.openqa.selenium.NoSuchElementException" message="An element could not be located on the page using the given search parameters.
For documentation on this error, please visit: https://selenium.dev/exceptions/#no_such_element
Build info: version: &amp;apos;4.8.1&amp;apos;, revision: &amp;apos;8ebccac989&amp;apos;
System info: os.name: &amp;apos;Windows 10&amp;apos;, os.arch: &amp;apos;amd64&amp;apos;, os.version: &amp;apos;10.0&amp;apos;, java.version: &amp;apos;16.0.1&amp;apos;
Driver info: io.appium.java_client.android.AndroidDriver
Command: [48a79eb8-58c3-4699-96a3-75e62223fd71, findElement {using=-android uiautomator, value=new UiScrollable(new UiSelector()).scrollIntoView(text(&amp;quot;Offer Chadhava for well-being&amp;quot;))}]
Capabilities {appium:automationName: uiautomator2, appium:databaseEnabled: false, appium:desired: {automationName: uiautomator2, deviceName: pocox2, newCommandTimeout: 600, noReset: true, platformName: android, platformVersion: 11, udid: 1c9df06e}, appium:deviceApiLevel: 30, appium:deviceManufacturer: Xiaomi, appium:deviceModel: POCO X2, appium:deviceName: 1c9df06e, appium:deviceScreenDensity: 440, appium:deviceScreenSize: 1080x2400, appium:deviceUDID: 1c9df06e, appium:javascriptEnabled: true, appium:locationContextEnabled: false, appium:networkConnectionEnabled: true, appium:newCommandTimeout: 600, appium:noReset: true, appium:pixelRatio: 2.75, appium:platformVersion: 11, appium:statBarHeight: 95, appium:takesScreenshot: true, appium:udid: 1c9df06e, appium:viewportRect: {height: 2080, left: 0, top: 95, width: 1080}, appium:warnings: {}, appium:webStorageEnabled: false, platformName: ANDROID}
Session ID: 48a79eb8-58c3-4699-96a3-75e62223fd71">
      <![CDATA[org.openqa.selenium.NoSuchElementException: An element could not be located on the page using the given search parameters.
For documentation on this error, please visit: https://selenium.dev/exceptions/#no_such_element
Build info: version: '4.8.1', revision: '8ebccac989'
System info: os.name: 'Windows 10', os.arch: 'amd64', os.version: '10.0', java.version: '16.0.1'
Driver info: io.appium.java_client.android.AndroidDriver
Command: [48a79eb8-58c3-4699-96a3-75e62223fd71, findElement {using=-android uiautomator, value=new UiScrollable(new UiSelector()).scrollIntoView(text("Offer Chadhava for well-being"))}]
Capabilities {appium:automationName: uiautomator2, appium:databaseEnabled: false, appium:desired: {automationName: uiautomator2, deviceName: pocox2, newCommandTimeout: 600, noReset: true, platformName: android, platformVersion: 11, udid: 1c9df06e}, appium:deviceApiLevel: 30, appium:deviceManufacturer: Xiaomi, appium:deviceModel: POCO X2, appium:deviceName: 1c9df06e, appium:deviceScreenDensity: 440, appium:deviceScreenSize: 1080x2400, appium:deviceUDID: 1c9df06e, appium:javascriptEnabled: true, appium:locationContextEnabled: false, appium:networkConnectionEnabled: true, appium:newCommandTimeout: 600, appium:noReset: true, appium:pixelRatio: 2.75, appium:platformVersion: 11, appium:statBarHeight: 95, appium:takesScreenshot: true, appium:udid: 1c9df06e, appium:viewportRect: {height: 2080, left: 0, top: 95, width: 1080}, appium:warnings: {}, appium:webStorageEnabled: false, platformName: ANDROID}
Session ID: 48a79eb8-58c3-4699-96a3-75e62223fd71
at java.base/jdk.internal.reflect.NativeConstructorAccessorImpl.newInstance0(Native Method)
at java.base/jdk.internal.reflect.NativeConstructorAccessorImpl.newInstance(NativeConstructorAccessorImpl.java:78)
at java.base/jdk.internal.reflect.DelegatingConstructorAccessorImpl.newInstance(DelegatingConstructorAccessorImpl.java:45)
at java.base/java.lang.reflect.Constructor.newInstanceWithCaller(Constructor.java:499)
at java.base/java.lang.reflect.Constructor.newInstance(Constructor.java:480)
at org.openqa.selenium.remote.codec.w3c.W3CHttpResponseCodec.createException(W3CHttpResponseCodec.java:200)
at org.openqa.selenium.remote.codec.w3c.W3CHttpResponseCodec.decode(W3CHttpResponseCodec.java:133)
at org.openqa.selenium.remote.codec.w3c.W3CHttpResponseCodec.decode(W3CHttpResponseCodec.java:53)
at org.openqa.selenium.remote.HttpCommandExecutor.execute(HttpCommandExecutor.java:184)
at io.appium.java_client.remote.AppiumCommandExecutor.execute(AppiumCommandExecutor.java:262)
at org.openqa.selenium.remote.RemoteWebDriver.execute(RemoteWebDriver.java:543)
at org.openqa.selenium.remote.ElementLocation$ElementFinder$2.findElement(ElementLocation.java:162)
at org.openqa.selenium.remote.ElementLocation.findElement(ElementLocation.java:66)
at org.openqa.selenium.remote.RemoteWebDriver.findElement(RemoteWebDriver.java:352)
at org.openqa.selenium.remote.RemoteWebDriver.findElement(RemoteWebDriver.java:344)
at SriMandirPOM.RashifalComponets.containerElement(RashifalComponets.java:67)
at Explore.ExploreTest.SMPK_TC_15230(ExploreTest.java:256)
at java.base/jdk.internal.reflect.NativeMethodAccessorImpl.invoke0(Native Method)
at java.base/jdk.internal.reflect.NativeMethodAccessorImpl.invoke(NativeMethodAccessorImpl.java:78)
at java.base/jdk.internal.reflect.DelegatingMethodAccessorImpl.invoke(DelegatingMethodAccessorImpl.java:43)
at java.base/java.lang.reflect.Method.invoke(Method.java:567)
at org.testng.internal.MethodInvocationHelper.invokeMethod(MethodInvocationHelper.java:133)
at org.testng.internal.TestInvoker.invokeMethod(TestInvoker.java:598)
at org.testng.internal.TestInvoker.invokeTestMethod(TestInvoker.java:173)
at org.testng.internal.MethodRunner.runInSequence(MethodRunner.java:46)
at org.testng.internal.TestInvoker$MethodInvocationAgent.invoke(TestInvoker.java:824)
at org.testng.internal.TestInvoker.invokeTestMethods(TestInvoker.java:146)
at org.testng.internal.TestMethodWorker.invokeTestMethods(TestMethodWorker.java:146)
at org.testng.internal.TestMethodWorker.run(TestMethodWorker.java:128)
at java.base/java.util.ArrayList.forEach(ArrayList.java:1511)
at org.testng.TestRunner.privateRun(TestRunner.java:794)
at org.testng.TestRunner.run(TestRunner.java:596)
at org.testng.SuiteRunner.runTest(SuiteRunner.java:377)
at org.testng.SuiteRunner.runSequentially(SuiteRunner.java:371)
at org.testng.SuiteRunner.privateRun(SuiteRunner.java:332)
at org.testng.SuiteRunner.run(SuiteRunner.java:276)
at org.testng.SuiteRunnerWorker.runSuite(SuiteRunnerWorker.java:53)
at org.testng.SuiteRunnerWorker.run(SuiteRunnerWorker.java:96)
at org.testng.TestNG.runSuitesSequentially(TestNG.java:1212)
at org.testng.TestNG.runSuitesLocally(TestNG.java:1134)
at org.testng.TestNG.runSuites(TestNG.java:1063)
at org.testng.TestNG.run(TestNG.java:1031)
at org.testng.remote.AbstractRemoteTestNG.run(AbstractRemoteTestNG.java:115)
at org.testng.remote.RemoteTestNG.initAndRun(RemoteTestNG.java:251)
at org.testng.remote.RemoteTestNG.main(RemoteTestNG.java:77)
]]>
    </failure>
  </testcase> <!-- SMPK_TC_15230 -->
  <testcase classname="Explore.ExploreTest" name="SMPK_TC_3329" time="0.0">
    <ignored/>
  </testcase> <!-- SMPK_TC_3329 -->
  <testcase classname="Explore.ExploreTest" name="SMPK_TC_3335" time="0.0">
    <ignored/>
  </testcase> <!-- SMPK_TC_3335 -->
  <testcase classname="Explore.ExploreTest" name="SMPK_TC_3338" time="0.0">
    <ignored/>
  </testcase> <!-- SMPK_TC_3338 -->
  <testcase classname="Explore.ExploreTest" name="SMPK_TC_3369" time="0.0">
    <ignored/>
  </testcase> <!-- SMPK_TC_3369 -->
  <testcase classname="Explore.ExploreTest" name="SMPK_TC_3331" time="0.0">
    <ignored/>
  </testcase> <!-- SMPK_TC_3331 -->
  <testcase classname="Explore.ExploreTest" name="SMPK_TC_3375" time="0.0">
    <ignored/>
  </testcase> <!-- SMPK_TC_3375 -->
  <testcase classname="Explore.ExploreTest" name="SMPK_TC_15224" time="0.0">
    <ignored/>
  </testcase> <!-- SMPK_TC_15224 -->
  <testcase classname="Explore.ExploreTest" name="SMPK_TC_3332" time="0.0">
    <ignored/>
  </testcase> <!-- SMPK_TC_3332 -->
  <testcase classname="Explore.ExploreTest" name="SMPK_TC_3371" time="0.0">
    <ignored/>
  </testcase> <!-- SMPK_TC_3371 -->
  <testcase classname="Explore.ExploreTest" name="SMPK_TC_3374" time="0.0">
    <ignored/>
  </testcase> <!-- SMPK_TC_3374 -->
  <testcase classname="Explore.ExploreTest" name="SMPK_TC_15229" time="0.0">
    <ignored/>
  </testcase> <!-- SMPK_TC_15229 -->
  <testcase classname="Explore.ExploreTest" name="SMPK_TC_15226" time="0.0">
    <ignored/>
  </testcase> <!-- SMPK_TC_15226 -->
  <testcase classname="Explore.ExploreTest" name="SMPK_TC_15223" time="0.0">
    <ignored/>
  </testcase> <!-- SMPK_TC_15223 -->
  <testcase classname="Explore.ExploreTest" name="SMPK_TC_15228" time="0.0">
    <ignored/>
  </testcase> <!-- SMPK_TC_15228 -->
  <testcase classname="Explore.ExploreTest" name="SMPK_TC_15225" time="0.0">
    <ignored/>
  </testcase> <!-- SMPK_TC_15225 -->
  <testcase classname="Explore.ExploreTest" name="SMPK_TC_15222" time="0.0">
    <ignored/>
  </testcase> <!-- SMPK_TC_15222 -->
  <testcase classname="Explore.ExploreTest" name="SMPK_TC_15221" time="0.0">
    <ignored/>
  </testcase> <!-- SMPK_TC_15221 -->
  <testcase classname="Explore.ExploreTest" name="SMPK_TC_15220" time="0.0">
    <ignored/>
  </testcase> <!-- SMPK_TC_15220 -->
</testsuite> <!-- Default test -->
